read file: /opt/userhome/kdd_zouning/querycorrect/corpus/querys
100%|█████████████████████████████████████████████████████████████████████████████████████████████████████████████████████████| 4665956/4665956 [00:09<00:00, 517798.84it/s]

write file: /opt/userhome/kdd_zouning/querycorrect/data/query_original
100%|█████████████████████████████████████████████████████████████████████████████████████████████████████████████████████████████| 17316/17316 [00:00<00:00, 932247.01it/s]

read file: /opt/userhome/kdd_zouning/querycorrect/corpus/querys
100%|█████████████████████████████████████████████████████████████████████████████████████████████████████████████████████████| 4665956/4665956 [00:11<00:00, 402188.67it/s]

read file: /opt/userhome/kdd_zouning/querycorrect/corpus/jdtitle
100%|███████████████████████████████████████████████████████████████████████████████████████████████████████████████████████| 12665575/12665575 [00:24<00:00, 510107.35it/s]

read file: /opt/userhome/kdd_zouning/querycorrect/corpus/kg_nodes_full_data_20190916.jsonl
100%|██████████████████████████████████████████████████████████████████████████████████████████████████████████████████████████████| 29663/29663 [00:01<00:00, 22260.75it/s]
generate candidate query and corpus

write file: /opt/userhome/kdd_zouning/querycorrect/data/candidate_query
100%|█████████████████████████████████████████████████████████████████████████████████████████████████████████████████████████| 1208570/1208570 [00:01<00:00, 889613.30it/s]

write file: /opt/userhome/kdd_zouning/querycorrect/data/query_corpus_ch_word
100%|████████████████████████████████████████████████████████████████████████████████████████████████████████████████████████| 1208542/1208542 [00:00<00:00, 1531250.22it/s]

write file: /opt/userhome/kdd_zouning/querycorrect/data/query_corpus_ch_word_test
100%|██████████████████████████████████████████████████████████████████████████████████████████████████████████████████████████████| 1000/1000 [00:00<00:00, 1009459.45it/s]
generate english train corpus

write file: /opt/userhome/kdd_zouning/querycorrect/data/query_corpus_en
100%|████████████████████████████████████████████████████████████████████████████████████████████████████████████████████████████| 16338/16338 [00:00<00:00, 1377584.01it/s]

write file: /opt/userhome/kdd_zouning/querycorrect/data/query_corpus_en_test
100%|██████████████████████████████████████████████████████████████████████████████████████████████████████████████████████████████| 1000/1000 [00:00<00:00, 1281877.75it/s]
generate common chinese set

write file: /opt/userhome/kdd_zouning/querycorrect/dict/common_char_set.txt
100%|██████████████████████████████████████████████████████████████████████████████████████████████████████████████████████████████| 1450/1450 [00:00<00:00, 1279289.19it/s]
generate english set

write file: /opt/userhome/kdd_zouning/querycorrect/dict/english.txt
100%|██████████████████████████████████████████████████████████████████████████████████████████████████████████████████████████████| 4115/4115 [00:00<00:00, 1003054.63it/s]
generate word freqence set

write file: /opt/userhome/kdd_zouning/querycorrect/dict/word_freq.txt
100%|█████████████████████████████████████████████████████████████████████████████████████████████████████████████████████████████| 12024/12024 [00:00<00:00, 983642.05it/s]
